Not Found: /static/admin/css/base.css
Not Found: /static/admin/css/dark_mode.css
Not Found: /static/admin/css/nav_sidebar.css
Not Found: /static/admin/js/theme.js
Not Found: /static/admin/css/login.css
Not Found: /static/admin/css/responsive.css
Not Found: /static/admin/js/nav_sidebar.js
Not Found: /static/admin/css/responsive.css
Not Found: /static/admin/css/nav_sidebar.css
Not Found: /static/admin/css/login.css
Not Found: /favicon.ico
Not Found: /
Not Found: /static/admin/css/base.css
Not Found: /static/admin/css/dark_mode.css
Not Found: /static/admin/css/nav_sidebar.css
Not Found: /static/admin/js/theme.js
Not Found: /static/admin/css/login.css
Not Found: /static/admin/css/responsive.css
Not Found: /static/admin/js/nav_sidebar.js
Not Found: /static/admin/css/nav_sidebar.css
Not Found: /static/admin/css/login.css
Not Found: /static/admin/css/responsive.css
Not Found: /static/admin/css/base.css
Not Found: /static/admin/css/dark_mode.css
Not Found: /static/admin/css/nav_sidebar.css
Not Found: /static/admin/css/login.css
Not Found: /static/admin/js/theme.js
Not Found: /static/admin/css/responsive.css
Not Found: /static/admin/js/nav_sidebar.js
Not Found: /static/admin/css/nav_sidebar.css
Not Found: /static/admin/css/login.css
Not Found: /static/admin/css/responsive.css
Not Found: /static/admin/css/base.css
Not Found: /static/admin/css/nav_sidebar.css
Not Found: /static/admin/css/dark_mode.css
Not Found: /static/admin/css/login.css
Not Found: /static/admin/js/theme.js
Not Found: /static/admin/css/responsive.css
Not Found: /static/admin/js/nav_sidebar.js
Not Found: /static/admin/css/nav_sidebar.css
Not Found: /static/admin/css/login.css
Not Found: /static/admin/css/responsive.css
Not Found: /favicon.ico
Not Found: /registration/
Method Not Allowed (GET): /registration/auth/register/
Method Not Allowed (GET): /registration/auth/register/
Method Not Allowed (GET): /registration/auth/register/
Method Not Allowed (GET): /registration/auth/register/
Method Not Allowed (GET): /registration/auth/register/
Not Found: /assets/index-Cn_E3ggd.js
Not Found: /assets/index-DtywsPOH.css
Not Found: /assets/index-DtywsPOH.css
Not Found: /assets/index-Cn_E3ggd.js
Not Found: /assets/index-Cn_E3ggd.js
Not Found: /assets/index-DtywsPOH.css
Not Found: /assets/index-Cn_E3ggd.js
Not Found: /assets/index-DtywsPOH.css
Not Found: /assets/index-DtywsPOH.css
Not Found: /assets/index-Cn_E3ggd.js
Not Found: /assets/index-DtywsPOH.css
Not Found: /assets/index-Cn_E3ggd.js
Not Found: /assets/index-Cn_E3ggd.js
Not Found: /assets/index-DtywsPOH.css
Not Found: /assets/index-DtywsPOH.css
Not Found: /assets/index-Cn_E3ggd.js
