2025-10-29 14:16:58,089 DEBUG registration.views Debug message
2025-10-29 14:17:00,281 DEBUG registration.tests Debug message
2025-10-29 14:17:00,973 DEBUG registration.views Debug message
2025-11-09 14:19:14,134 DEBUG registration.views Debug message
2025-11-09 14:19:14,249 DEBUG news.views Debug message
2025-11-09 14:19:14,355 DEBUG cryptocurrencies.views Debug message
2025-11-09 14:19:22,151 DEBUG registration.views Debug message
2025-11-09 14:19:22,207 DEBUG news.views Debug message
2025-11-09 14:19:22,240 DEBUG cryptocurrencies.views Debug message
2025-11-09 14:22:07,020 DEBUG registration.views Debug message
2025-11-09 14:22:07,072 DEBUG news.views Debug message
2025-11-09 14:22:07,090 DEBUG cryptocurrencies.views Debug message
2025-11-09 14:23:05,019 DEBUG registration.views Debug message
2025-11-09 14:23:05,200 DEBUG news.views Debug message
2025-11-09 14:23:05,378 DEBUG cryptocurrencies.views Debug message
2025-11-09 14:25:46,550 DEBUG registration.views Debug message
2025-11-09 14:25:46,571 DEBUG news.views Debug message
2025-11-09 14:25:46,593 DEBUG cryptocurrencies.views Debug message
2025-11-09 14:26:20,732 DEBUG registration.views Debug message
2025-11-09 14:26:20,779 DEBUG news.views Debug message
2025-11-09 14:26:20,834 DEBUG cryptocurrencies.views Debug message
2025-11-09 14:28:25,529 DEBUG registration.views Debug message
2025-11-09 14:28:25,561 DEBUG news.views Debug message
2025-11-09 14:28:25,584 DEBUG cryptocurrencies.views Debug message
2025-11-09 14:28:37,293 DEBUG registration.views Debug message
2025-11-09 14:28:37,315 DEBUG news.views Debug message
2025-11-09 14:28:37,335 DEBUG cryptocurrencies.views Debug message
2025-11-09 14:34:41,517 DEBUG registration.views Debug message
2025-11-09 14:34:41,554 DEBUG news.views Debug message
2025-11-09 14:34:41,580 DEBUG cryptocurrencies.views Debug message
2025-11-09 14:34:56,111 DEBUG registration.views Debug message
2025-11-09 14:34:56,167 DEBUG news.views Debug message
2025-11-09 14:34:56,226 DEBUG cryptocurrencies.views Debug message
2025-11-09 14:37:48,107 DEBUG registration.views Debug message
2025-11-09 14:39:44,067 DEBUG registration.views Debug message
2025-11-09 14:39:44,098 DEBUG news.views Debug message
2025-11-09 14:39:44,146 DEBUG cryptocurrencies.views Debug message
2025-11-09 14:44:58,106 DEBUG registration.views Debug message
2025-11-09 14:44:58,128 DEBUG news.views Debug message
2025-11-09 14:44:58,149 DEBUG cryptocurrencies.views Debug message
2025-11-09 14:44:58,167 DEBUG exchanges.views Debug message
2025-11-09 14:45:18,651 DEBUG registration.views Debug message
2025-11-09 14:45:18,672 DEBUG news.views Debug message
2025-11-09 14:45:18,700 DEBUG cryptocurrencies.views Debug message
2025-11-09 14:45:18,736 DEBUG exchanges.views Debug message
2025-11-09 14:45:37,934 DEBUG registration.views Debug message
2025-11-09 14:45:37,955 DEBUG news.views Debug message
2025-11-09 14:45:37,979 DEBUG cryptocurrencies.views Debug message
2025-11-09 14:45:38,000 DEBUG exchanges.views Debug message
2025-11-09 14:47:26,016 DEBUG registration.views Debug message
2025-11-09 14:47:26,167 DEBUG news.views Debug message
2025-11-09 14:47:26,257 DEBUG cryptocurrencies.views Debug message
2025-11-09 14:47:26,312 DEBUG exchanges.views Debug message
2025-11-09 14:47:36,913 DEBUG registration.views Debug message
2025-11-09 14:47:36,948 DEBUG news.views Debug message
2025-11-09 14:47:37,017 DEBUG cryptocurrencies.views Debug message
2025-11-09 14:47:37,052 DEBUG exchanges.views Debug message
2025-11-09 14:47:44,255 DEBUG registration.views Debug message
2025-11-09 14:47:44,305 DEBUG news.views Debug message
2025-11-09 14:47:44,417 DEBUG cryptocurrencies.views Debug message
2025-11-09 14:47:44,484 DEBUG exchanges.views Debug message
2025-11-09 14:48:32,520 DEBUG registration.views Debug message
2025-11-09 14:48:32,551 DEBUG news.views Debug message
2025-11-09 14:48:32,609 DEBUG cryptocurrencies.views Debug message
2025-11-09 14:48:32,646 DEBUG exchanges.views Debug message
