2025-10-29 14:16:58,090 ERROR registration.views Error message
2025-10-29 14:17:00,282 ERROR registration.tests Error message
2025-10-29 14:17:00,973 ERROR registration.views Error message
2025-11-09 14:19:14,136 ERROR registration.views Error message
2025-11-09 14:19:14,252 ERROR news.views Error message
2025-11-09 14:19:14,358 ERROR cryptocurrencies.views Error message
2025-11-09 14:19:22,152 ERROR registration.views Error message
2025-11-09 14:19:22,208 ERROR news.views Error message
2025-11-09 14:19:22,241 ERROR cryptocurrencies.views Error message
2025-11-09 14:22:07,044 ERROR registration.views Error message
2025-11-09 14:22:07,073 ERROR news.views Error message
2025-11-09 14:22:07,091 ERROR cryptocurrencies.views Error message
2025-11-09 14:23:05,033 ERROR registration.views Error message
2025-11-09 14:23:05,213 ERROR news.views Error message
2025-11-09 14:23:05,381 ERROR cryptocurrencies.views Error message
2025-11-09 14:25:46,552 ERROR registration.views Error message
2025-11-09 14:25:46,572 ERROR news.views Error message
2025-11-09 14:25:46,593 ERROR cryptocurrencies.views Error message
2025-11-09 14:26:20,733 ERROR registration.views Error message
2025-11-09 14:26:20,782 ERROR news.views Error message
2025-11-09 14:26:20,835 ERROR cryptocurrencies.views Error message
2025-11-09 14:28:25,531 ERROR registration.views Error message
2025-11-09 14:28:25,562 ERROR news.views Error message
2025-11-09 14:28:25,585 ERROR cryptocurrencies.views Error message
2025-11-09 14:28:37,294 ERROR registration.views Error message
2025-11-09 14:28:37,316 ERROR news.views Error message
2025-11-09 14:28:37,337 ERROR cryptocurrencies.views Error message
2025-11-09 14:34:41,518 ERROR registration.views Error message
2025-11-09 14:34:41,554 ERROR news.views Error message
2025-11-09 14:34:41,581 ERROR cryptocurrencies.views Error message
2025-11-09 14:34:56,113 ERROR registration.views Error message
2025-11-09 14:34:56,169 ERROR news.views Error message
2025-11-09 14:34:56,228 ERROR cryptocurrencies.views Error message
2025-11-09 14:37:48,108 ERROR registration.views Error message
2025-11-09 14:39:44,068 ERROR registration.views Error message
2025-11-09 14:39:44,098 ERROR news.views Error message
2025-11-09 14:39:44,147 ERROR cryptocurrencies.views Error message
2025-11-09 14:44:58,107 ERROR registration.views Error message
2025-11-09 14:44:58,128 ERROR news.views Error message
2025-11-09 14:44:58,149 ERROR cryptocurrencies.views Error message
2025-11-09 14:44:58,168 ERROR exchanges.views Error message
2025-11-09 14:45:18,652 ERROR registration.views Error message
2025-11-09 14:45:18,673 ERROR news.views Error message
2025-11-09 14:45:18,701 ERROR cryptocurrencies.views Error message
2025-11-09 14:45:18,738 ERROR exchanges.views Error message
2025-11-09 14:45:37,935 ERROR registration.views Error message
2025-11-09 14:45:37,956 ERROR news.views Error message
2025-11-09 14:45:37,980 ERROR cryptocurrencies.views Error message
2025-11-09 14:45:38,001 ERROR exchanges.views Error message
2025-11-09 14:47:26,019 ERROR registration.views Error message
2025-11-09 14:47:26,171 ERROR news.views Error message
2025-11-09 14:47:26,258 ERROR cryptocurrencies.views Error message
2025-11-09 14:47:26,320 ERROR exchanges.views Error message
2025-11-09 14:47:36,915 ERROR registration.views Error message
2025-11-09 14:47:36,949 ERROR news.views Error message
2025-11-09 14:47:37,018 ERROR cryptocurrencies.views Error message
2025-11-09 14:47:37,053 ERROR exchanges.views Error message
2025-11-09 14:47:44,257 ERROR registration.views Error message
2025-11-09 14:47:44,306 ERROR news.views Error message
2025-11-09 14:47:44,418 ERROR cryptocurrencies.views Error message
2025-11-09 14:47:44,486 ERROR exchanges.views Error message
2025-11-09 14:48:32,522 ERROR registration.views Error message
2025-11-09 14:48:32,553 ERROR news.views Error message
2025-11-09 14:48:32,610 ERROR cryptocurrencies.views Error message
2025-11-09 14:48:32,647 ERROR exchanges.views Error message
