2025-10-29 14:16:58,090 INFO registration.views Info message
2025-10-29 14:17:00,281 INFO registration.tests Info message
2025-10-29 14:17:00,973 INFO registration.views Info message
2025-11-09 14:19:14,135 INFO registration.views Info message
2025-11-09 14:19:14,250 INFO news.views Info message
2025-11-09 14:19:14,357 INFO cryptocurrencies.views Info message
2025-11-09 14:19:22,152 INFO registration.views Info message
2025-11-09 14:19:22,208 INFO news.views Info message
2025-11-09 14:19:22,240 INFO cryptocurrencies.views Info message
2025-11-09 14:22:07,044 INFO registration.views Info message
2025-11-09 14:22:07,072 INFO news.views Info message
2025-11-09 14:22:07,090 INFO cryptocurrencies.views Info message
2025-11-09 14:23:05,025 INFO registration.views Info message
2025-11-09 14:23:05,208 INFO news.views Info message
2025-11-09 14:23:05,379 INFO cryptocurrencies.views Info message
2025-11-09 14:25:46,551 INFO registration.views Info message
2025-11-09 14:25:46,571 INFO news.views Info message
2025-11-09 14:25:46,593 INFO cryptocurrencies.views Info message
2025-11-09 14:26:20,733 INFO registration.views Info message
2025-11-09 14:26:20,781 INFO news.views Info message
2025-11-09 14:26:20,835 INFO cryptocurrencies.views Info message
2025-11-09 14:28:25,530 INFO registration.views Info message
2025-11-09 14:28:25,562 INFO news.views Info message
2025-11-09 14:28:25,585 INFO cryptocurrencies.views Info message
2025-11-09 14:28:37,294 INFO registration.views Info message
2025-11-09 14:28:37,316 INFO news.views Info message
2025-11-09 14:28:37,336 INFO cryptocurrencies.views Info message
2025-11-09 14:34:41,517 INFO registration.views Info message
2025-11-09 14:34:41,554 INFO news.views Info message
2025-11-09 14:34:41,581 INFO cryptocurrencies.views Info message
2025-11-09 14:34:56,112 INFO registration.views Info message
2025-11-09 14:34:56,168 INFO news.views Info message
2025-11-09 14:34:56,227 INFO cryptocurrencies.views Info message
2025-11-09 14:37:48,108 INFO registration.views Info message
2025-11-09 14:39:44,068 INFO registration.views Info message
2025-11-09 14:39:44,098 INFO news.views Info message
2025-11-09 14:39:44,147 INFO cryptocurrencies.views Info message
2025-11-09 14:44:58,107 INFO registration.views Info message
2025-11-09 14:44:58,128 INFO news.views Info message
2025-11-09 14:44:58,149 INFO cryptocurrencies.views Info message
2025-11-09 14:44:58,168 INFO exchanges.views Info message
2025-11-09 14:45:18,652 INFO registration.views Info message
2025-11-09 14:45:18,672 INFO news.views Info message
2025-11-09 14:45:18,701 INFO cryptocurrencies.views Info message
2025-11-09 14:45:18,737 INFO exchanges.views Info message
2025-11-09 14:45:37,935 INFO registration.views Info message
2025-11-09 14:45:37,955 INFO news.views Info message
2025-11-09 14:45:37,979 INFO cryptocurrencies.views Info message
2025-11-09 14:45:38,000 INFO exchanges.views Info message
2025-11-09 14:47:26,018 INFO registration.views Info message
2025-11-09 14:47:26,171 INFO news.views Info message
2025-11-09 14:47:26,257 INFO cryptocurrencies.views Info message
2025-11-09 14:47:26,316 INFO exchanges.views Info message
2025-11-09 14:47:36,914 INFO registration.views Info message
2025-11-09 14:47:36,949 INFO news.views Info message
2025-11-09 14:47:37,018 INFO cryptocurrencies.views Info message
2025-11-09 14:47:37,053 INFO exchanges.views Info message
2025-11-09 14:47:44,256 INFO registration.views Info message
2025-11-09 14:47:44,306 INFO news.views Info message
2025-11-09 14:47:44,418 INFO cryptocurrencies.views Info message
2025-11-09 14:47:44,485 INFO exchanges.views Info message
2025-11-09 14:48:32,521 INFO registration.views Info message
2025-11-09 14:48:32,551 INFO news.views Info message
2025-11-09 14:48:32,610 INFO cryptocurrencies.views Info message
2025-11-09 14:48:32,647 INFO exchanges.views Info message
